Arguments: 
  C:\Program Files\nodejs\node.exe C:\Program Files (x86)\Yarn\bin\yarn.js

PATH: 
  C:\Windows\system32;C:\Windows;C:\Windows\System32\Wbem;C:\Windows\System32\WindowsPowerShell\v1.0\;C:\Windows\System32\OpenSSH\;C:\Program Files (x86)\NVIDIA Corporation\PhysX\Common;C:\Program Files\NVIDIA Corporation\NVIDIA NvDLISR;C:\Program Files (x86)\Yarn\bin\;D:\nvm;E:\mongodb\bin;D:\Python3\Scripts;D:\Python3\;E:\Project\Hugo\bin;C:\Users\IP\AppData\Roaming\nvm;C:\Program Files\nodejs;C:\Users\IP\AppData\Local\Programs\Python\Python312-32;D:\Git\cmd;C:\Program Files\Google\Chrome Dev\Application;C:\Program Files\Google\Chrome Dev\Application\chrome.exe;C:\Users\IP\.cargo\bin;C:\Users\IP\AppData\Local\Programs\Python\Python312-32\Scripts\;C:\Users\IP\AppData\Local\Programs\Python\Python312-32\;C:\Users\IP\AppData\Local\Programs\Python\Launcher\;C:\Users\IP\AppData\Local\pnpm;D:\Ruby30-x64\bin;C:\Users\IP\AppData\Local\Microsoft\WindowsApps;C:\Users\IP\AppData\Local\Yarn\bin;D:\nvm;D:\heroku\bin;C:\Users\IP\Desktop\nginx-1.20.2;C:\Users\IP\AppData\Local\atom\bin;C:\Users\IP\.dotnet\tools;D:\Users\IP\AppData\Local\Programs\Microsoft VS Code\bin;C:\Users\Administrator\AppData\Roaming\npm;C:\Users\IP\AppData\Local\JetBrains\Toolbox\scripts;C:\Users\IP\AppData\Local\Microsoft\WinGet\Packages\Hugo.Hugo.Extended_Microsoft.Winget.Source_8wekyb3d8bbwe;C:\Users\IP\AppData\Roaming\npm;C:\Users\IP\AppData\Roaming\nvm;C:\Program Files\nodejs;C:\Users\IP\AppData\Local\Microsoft\WinGet\Packages\DenoLand.Deno_Microsoft.Winget.Source_8wekyb3d8bbwe;C:\Program Files\Google\Chrome Dev\Application;D:\Users\IP\AppData\Local\Programs\Windsurf\bin;C:\Users\IP\AppData\Local\Microsoft\WinGet\Packages\FiloSottile.mkcert_Microsoft.Winget.Source_8wekyb3d8bbwe;

Yarn version: 
  1.22.5

Node version: 
  20.18.0

Platform: 
  win32 x64

Trace: 
  Error: ENOENT: no such file or directory, scandir 'e:\zdh\node_modules\bcrypt'

npm manifest: 
  {
    "name": "zdh",
    "version": "2.0.25",
    "private": true,
    "main": "main.js",
    "scripts": {
      "dev": "nodemon node ./bin/www",
      "start": "electron .",
      "bump-version": "node bump-version.js",
      "build": "npm run bump-version && electron-builder --win portable",
      "dir": "electron-builder --dir"
    },
    "build": {
      "appId": "com.yourcompany.vidnozasync",
      "productName": "VidnozAsync",
      "win": {
        "target": "portable",
        "icon": "favicon.ico"
      },
      "files": [
        "**/*",
        "!**/*.map",
        "node_modules/@babel/preset-env/**/*"
      ],
      "directories": {
        "buildResources": "resources",
        "output": "E:\\zdh\\dist"
      }
    },
    "browserslist": [
      "> 0%"
    ],
    "dependencies": {
      "@babel/core": "^7.25.8",
      "@babel/preset-env": "^7.25.8",
      "acorn": "^8.13.0",
      "autoprefixer": "^10.4.20",
      "axios": "^1.7.7",
      "bcrypt": "^5.1.1",
      "chokidar": "^4.0.1",
      "cookie-parser": "~1.4.4",
      "debug": "~2.6.9",
      "diff": "^7.0.0",
      "ejs": "~2.6.1",
      "eslint": "^9.13.0",
      "express": "~4.16.1",
      "http-errors": "~1.6.3",
      "jsonwebtoken": "^9.0.2",
      "morgan": "~1.9.1",
      "nodemon": "^3.1.7",
      "playwright": "^1.49.0",
      "postcss": "^8.4.49",
      "postcss-scss": "^4.0.9",
      "prettier": "^3.3.3",
      "sass": "^1.79.4",
      "simple-git": "^3.27.0",
      "socket.io": "^4.8.0",
      "socket.io-client": "^4.8.0",
      "ssh2-sftp-client": "^11.0.0",
      "stylelint": "^16.10.0",
      "stylelint-scss": "^6.8.1",
      "terser": "^5.34.0"
    },
    "devDependencies": {
      "electron": "^32.1.2",
      "electron-builder": "^25.0.5"
    }
  }

yarn manifest: 
  No manifest

Lockfile: 
  No lockfile
